<?xml version="1.0" encoding="UTF-8"?>
<!-- Generated by org.testng.reporters.JUnitReportReporter -->
<testsuite skipped="0" hostname="5CG6323N27" name="com.WebBrowser.TestCases.FirstTest" tests="11" failures="0" timestamp="2021-09-02T18:03:45 IST" time="2.046" errors="0">
  <testcase name="searchGoogle" time="0.145" classname="com.WebBrowser.TestCases.FirstTest"/>
  <system-out/>
  <testcase name="searchGoogle" time="0.165" classname="com.WebBrowser.TestCases.FirstTest"/>
  <system-out/>
  <testcase name="searchBox" time="0.197" classname="com.WebBrowser.TestCases.FirstTest"/>
  <system-out/>
  <testcase name="searchGoogle" time="0.190" classname="com.WebBrowser.TestCases.FirstTest"/>
  <system-out/>
  <testcase name="searchGoogle" time="0.145" classname="com.WebBrowser.TestCases.FirstTest"/>
  <system-out/>
  <testcase name="singleSearchGoogle" time="0.188" classname="com.WebBrowser.TestCases.FirstTest"/>
  <system-out/>
  <testcase name="searchGoogle" time="0.183" classname="com.WebBrowser.TestCases.FirstTest"/>
  <system-out/>
  <testcase name="searchGoogle" time="0.361" classname="com.WebBrowser.TestCases.FirstTest"/>
  <system-out/>
  <testcase name="searchGoogle" time="0.146" classname="com.WebBrowser.TestCases.FirstTest"/>
  <system-out/>
  <testcase name="searchGoogle" time="0.146" classname="com.WebBrowser.TestCases.FirstTest"/>
  <system-out/>
  <testcase name="searchGoogle" time="0.180" classname="com.WebBrowser.TestCases.FirstTest"/>
  <system-out/>
</testsuite> <!-- com.WebBrowser.TestCases.FirstTest -->
